[debug] [2020-07-18T21:00:36.379Z] ----------------------------------------------------------------------
[debug] [2020-07-18T21:00:36.382Z] Command:       C:\Program Files\nodejs\node.exe C:\Users\r_li\AppData\Roaming\npm\node_modules\firebase-tools\lib\bin\firebase.js serve --only hosting
[debug] [2020-07-18T21:00:36.382Z] CLI Version:   8.6.0
[debug] [2020-07-18T21:00:36.382Z] Platform:      win32
[debug] [2020-07-18T21:00:36.382Z] Node Version:  v14.5.0
[debug] [2020-07-18T21:00:36.384Z] Time:          Sat Jul 18 2020 17:00:36 GMT-0400 (Eastern Daylight Time)
[debug] [2020-07-18T21:00:36.384Z] ----------------------------------------------------------------------
[debug] [2020-07-18T21:00:36.384Z] 
[debug] [2020-07-18T21:00:36.394Z] > command requires scopes: ["email","openid","https://www.googleapis.com/auth/cloudplatformprojects.readonly","https://www.googleapis.com/auth/firebase","https://www.googleapis.com/auth/cloud-platform"]
[debug] [2020-07-18T21:00:36.395Z] > authorizing via signed-in user
[debug] [2020-07-18T21:00:36.395Z] [iam] checking project yeah-boyyyyy for permissions ["firebase.projects.get"]
[debug] [2020-07-18T21:00:36.399Z] >>> HTTP REQUEST POST https://cloudresourcemanager.googleapis.com/v1/projects/yeah-boyyyyy:testIamPermissions  
 {"permissions":["firebase.projects.get"]}
[debug] [2020-07-18T21:00:36.679Z] <<< HTTP RESPONSE 200 {"content-type":"application/json; charset=UTF-8","vary":"X-Origin, Referer, Origin,Accept-Encoding","date":"Sat, 18 Jul 2020 21:00:38 GMT","server":"ESF","cache-control":"private","x-xss-protection":"0","x-frame-options":"SAMEORIGIN","x-content-type-options":"nosniff","server-timing":"gfet4t7; dur=179","alt-svc":"h3-29=\":443\"; ma=2592000,h3-27=\":443\"; ma=2592000,h3-25=\":443\"; ma=2592000,h3-T050=\":443\"; ma=2592000,h3-Q050=\":443\"; ma=2592000,h3-Q046=\":443\"; ma=2592000,h3-Q043=\":443\"; ma=2592000,quic=\":443\"; ma=2592000; v=\"46,43\"","accept-ranges":"none","transfer-encoding":"chunked"}
[debug] [2020-07-18T21:00:36.682Z] >>> HTTP REQUEST GET https://firebase.googleapis.com/v1beta1/projects/yeah-boyyyyy  
 
[debug] [2020-07-18T21:00:36.890Z] <<< HTTP RESPONSE 200 {"content-type":"application/json; charset=UTF-8","vary":"X-Origin, Referer, Origin,Accept-Encoding","date":"Sat, 18 Jul 2020 21:00:38 GMT","server":"ESF","cache-control":"private","x-xss-protection":"0","x-frame-options":"SAMEORIGIN","x-content-type-options":"nosniff","alt-svc":"h3-29=\":443\"; ma=2592000,h3-27=\":443\"; ma=2592000,h3-25=\":443\"; ma=2592000,h3-T050=\":443\"; ma=2592000,h3-Q050=\":443\"; ma=2592000,h3-Q046=\":443\"; ma=2592000,h3-Q043=\":443\"; ma=2592000,quic=\":443\"; ma=2592000; v=\"46,43\"","accept-ranges":"none","transfer-encoding":"chunked"}
[debug] [2020-07-18T21:00:36.892Z] >>> HTTP REQUEST GET https://firebase.googleapis.com/v1beta1/projects/yeah-boyyyyy/webApps/-/config  
 
[debug] [2020-07-18T21:00:37.302Z] <<< HTTP RESPONSE 200 {"content-type":"application/json; charset=UTF-8","vary":"X-Origin, Referer, Origin,Accept-Encoding","date":"Sat, 18 Jul 2020 21:00:38 GMT","server":"ESF","cache-control":"private","x-xss-protection":"0","x-frame-options":"SAMEORIGIN","x-content-type-options":"nosniff","alt-svc":"h3-29=\":443\"; ma=2592000,h3-27=\":443\"; ma=2592000,h3-25=\":443\"; ma=2592000,h3-T050=\":443\"; ma=2592000,h3-Q050=\":443\"; ma=2592000,h3-Q046=\":443\"; ma=2592000,h3-Q043=\":443\"; ma=2592000,quic=\":443\"; ma=2592000; v=\"46,43\"","accept-ranges":"none","transfer-encoding":"chunked"}
[info] i  hosting: Serving hosting files from: public {"metadata":{"emulator":{"name":"hosting"},"message":"Serving hosting files from: \u001b[1mpublic\u001b[22m"}}
[info] +  hosting: Local server: http://localhost:5000 {"metadata":{"emulator":{"name":"hosting"},"message":"Local server: \u001b[4m\u001b[1mhttp://localhost:5000\u001b[22m\u001b[24m"}}
[info] i  hosting: 127.0.0.1 - - [18/Jul/2020:21:00:42 +0000] "GET / HTTP/1.1" 200 3510 "-" "Mozilla/5.0 (Windows NT 10.0; Win64; x64) AppleWebKit/537.36 (KHTML, like Gecko) Chrome/84.0.4147.89 Safari/537.36" {"metadata":{"emulator":{"name":"hosting"},"message":"127.0.0.1 - - [18/Jul/2020:21:00:42 +0000] \"GET / HTTP/1.1\" 200 3510 \"-\" \"Mozilla/5.0 (Windows NT 10.0; Win64; x64) AppleWebKit/537.36 (KHTML, like Gecko) Chrome/84.0.4147.89 Safari/537.36\""}}
[info] i  hosting: 127.0.0.1 - - [18/Jul/2020:21:00:42 +0000] "GET /__/firebase/init.js HTTP/1.1" 200 - "http://localhost:5000/" "Mozilla/5.0 (Windows NT 10.0; Win64; x64) AppleWebKit/537.36 (KHTML, like Gecko) Chrome/84.0.4147.89 Safari/537.36" {"metadata":{"emulator":{"name":"hosting"},"message":"127.0.0.1 - - [18/Jul/2020:21:00:42 +0000] \"GET /__/firebase/init.js HTTP/1.1\" 200 - \"http://localhost:5000/\" \"Mozilla/5.0 (Windows NT 10.0; Win64; x64) AppleWebKit/537.36 (KHTML, like Gecko) Chrome/84.0.4147.89 Safari/537.36\""}}
